0x22DC1F=uoren_general
0x12CA84=default
0x2134BF=uoren_handmaiden
0x119B07=uooutlands_docwelfish
0x1C8AA3=uoren_blasphe'moose
0x34A62=uoOutlands_Beanbags
0x19E52=uoOutlands_bellaBird
0x4999744=tamer_discopeace
0x64760=beesauceross
0x2164BE=uoren_general
0x150770=inigo
0x222DCE=uoren_general
0x48C85=thief
0x1C598B=beesauceross
0x14A8C=uoOutlands_bellaBird
0x1B739=inigo
0x21648E=uoren_general
0x21EB1F=uoren_general
0x1A5281=uoren_docwelfish
0x1E10F=default
0x8F0B2=blasphemoose
0x32F6F=uoOutlands_Zo
0x563E8=beesauceross
0x4D22=uoOutlands_Beanbags
0x13BC27=matribell
0x20A99C=uoren_rolyat
0x1BDCD0=uoren_general
0x1DA99F=uoren_handmaiden
